# JRE version: Java(TM) SE Runtime Environment (8.0_241-b07) (build 1.8.0_241-b07)
# Java VM: Java HotSpot(TM) 64-Bit Server VM (25.241-b07 mixed mode windows-amd64 compressed oops)
Heap:
 PSYoungGen      total 226816K, used 13595K [0x00000000d5f00000, 0x00000000e7f80000, 0x0000000100000000)
  eden space 210944K, 6% used [0x00000000d5f00000,0x00000000d6c46d70,0x00000000e2d00000)
  from space 15872K, 0% used [0x00000000e2d00000,0x00000000e2d00000,0x00000000e3c80000)
  to   space 16384K, 0% used [0x00000000e6f80000,0x00000000e6f80000,0x00000000e7f80000)
 ParOldGen       total 87040K, used 20480K [0x0000000081c00000, 0x0000000087100000, 0x00000000d5f00000)
  object space 87040K, 23% used [0x0000000081c00000,0x0000000083000310,0x0000000087100000)
 Metaspace       used 49271K, capacity 51864K, committed 52352K, reserved 1095680K
  class space    used 6462K, capacity 6953K, committed 7040K, reserved 1048576K
GC Heap History (10 events):
Event: 335.955 GC heap before
{Heap before GC invocations=14 (full 3):
 PSYoungGen      total 225792K, used 145672K [0x00000000d5f00000, 0x00000000e4b80000, 0x0000000100000000)
  eden space 210432K, 69% used [0x00000000d5f00000,0x00000000ded421d8,0x00000000e2c80000)
  from space 15360K, 0% used [0x00000000e3c80000,0x00000000e3c80000,0x00000000e4b80000)
  to   space 15872K, 0% used [0x00000000e2c80000,0x00000000e2c80000,0x00000000e3c00000)
 ParOldGen       total 87040K, used 20499K [0x0000000081c00000, 0x0000000087100000, 0x00000000d5f00000)
  object space 87040K, 23% used [0x0000000081c00000,0x0000000083004cc0,0x0000000087100000)
 Metaspace       used 48744K, capacity 51244K, committed 51584K, reserved 1093632K
  class space    used 6476K, capacity 6955K, committed 7040K, reserved 1048576K
Event: 335.962 GC heap after
Heap after GC invocations=14 (full 3):
 PSYoungGen      total 226304K, used 4123K [0x00000000d5f00000, 0x00000000e4c80000, 0x0000000100000000)
  eden space 210432K, 0% used [0x00000000d5f00000,0x00000000d5f00000,0x00000000e2c80000)
  from space 15872K, 25% used [0x00000000e2c80000,0x00000000e3086f28,0x00000000e3c00000)
  to   space 16384K, 0% used [0x00000000e3c80000,0x00000000e3c80000,0x00000000e4c80000)
 ParOldGen       total 87040K, used 20507K [0x0000000081c00000, 0x0000000087100000, 0x00000000d5f00000)
  object space 87040K, 23% used [0x0000000081c00000,0x0000000083006cc0,0x0000000087100000)
 Metaspace       used 48744K, capacity 51244K, committed 51584K, reserved 1093632K
  class space    used 6476K, capacity 6955K, committed 7040K, reserved 1048576K
}
Event: 335.962 GC heap before
{Heap before GC invocations=15 (full 4):
 PSYoungGen      total 226304K, used 4123K [0x00000000d5f00000, 0x00000000e4c80000, 0x0000000100000000)
  eden space 210432K, 0% used [0x00000000d5f00000,0x00000000d5f00000,0x00000000e2c80000)
  from space 15872K, 25% used [0x00000000e2c80000,0x00000000e3086f28,0x00000000e3c00000)
  to   space 16384K, 0% used [0x00000000e3c80000,0x00000000e3c80000,0x00000000e4c80000)
 ParOldGen       total 87040K, used 20507K [0x0000000081c00000, 0x0000000087100000, 0x00000000d5f00000)
  object space 87040K, 23% used [0x0000000081c00000,0x0000000083006cc0,0x0000000087100000)
 Metaspace       used 48744K, capacity 51244K, committed 51584K, reserved 1093632K
  class space    used 6476K, capacity 6955K, committed 7040K, reserved 1048576K
Event: 336.183 GC heap after
Heap after GC invocations=15 (full 4):
 PSYoungGen      total 226304K, used 0K [0x00000000d5f00000, 0x00000000e4c80000, 0x0000000100000000)
  eden space 210432K, 0% used [0x00000000d5f00000,0x00000000d5f00000,0x00000000e2c80000)
  from space 15872K, 0% used [0x00000000e2c80000,0x00000000e2c80000,0x00000000e3c00000)
  to   space 16384K, 0% used [0x00000000e3c80000,0x00000000e3c80000,0x00000000e4c80000)
 ParOldGen       total 87040K, used 23509K [0x0000000081c00000, 0x0000000087100000, 0x00000000d5f00000)
  object space 87040K, 27% used [0x0000000081c00000,0x00000000832f5580,0x0000000087100000)
 Metaspace       used 48744K, capacity 51244K, committed 51584K, reserved 1093632K
  class space    used 6476K, capacity 6955K, committed 7040K, reserved 1048576K
}
Event: 2804.066 GC heap before
{Heap before GC invocations=16 (full 4):
 PSYoungGen      total 226304K, used 210432K [0x00000000d5f00000, 0x00000000e4c80000, 0x0000000100000000)
  eden space 210432K, 100% used [0x00000000d5f00000,0x00000000e2c80000,0x00000000e2c80000)
  from space 15872K, 0% used [0x00000000e2c80000,0x00000000e2c80000,0x00000000e3c00000)
  to   space 16384K, 0% used [0x00000000e3c80000,0x00000000e3c80000,0x00000000e4c80000)
 ParOldGen       total 87040K, used 23509K [0x0000000081c00000, 0x0000000087100000, 0x00000000d5f00000)
  object space 87040K, 27% used [0x0000000081c00000,0x00000000832f5580,0x0000000087100000)
 Metaspace       used 49428K, capacity 52034K, committed 52096K, reserved 1093632K
  class space    used 6492K, capacity 7006K, committed 7040K, reserved 1048576K
Event: 2812.115 GC heap after
Heap after GC invocations=16 (full 4):
 PSYoungGen      total 227328K, used 4941K [0x00000000d5f00000, 0x00000000e7e80000, 0x0000000100000000)
  eden space 210944K, 0% used [0x00000000d5f00000,0x00000000d5f00000,0x00000000e2d00000)
  from space 16384K, 30% used [0x00000000e3c80000,0x00000000e4153480,0x00000000e4c80000)
  to   space 15872K, 0% used [0x00000000e2d00000,0x00000000e2d00000,0x00000000e3c80000)
 ParOldGen       total 87040K, used 23517K [0x0000000081c00000, 0x0000000087100000, 0x00000000d5f00000)
  object space 87040K, 27% used [0x0000000081c00000,0x00000000832f7580,0x0000000087100000)
 Metaspace       used 49428K, capacity 52034K, committed 52096K, reserved 1093632K
  class space    used 6492K, capacity 7006K, committed 7040K, reserved 1048576K
}
Event: 3285.506 GC heap before
{Heap before GC invocations=17 (full 4):
 PSYoungGen      total 227328K, used 29584K [0x00000000d5f00000, 0x00000000e7e80000, 0x0000000100000000)
  eden space 210944K, 11% used [0x00000000d5f00000,0x00000000d7710ba0,0x00000000e2d00000)
  from space 16384K, 30% used [0x00000000e3c80000,0x00000000e4153480,0x00000000e4c80000)
  to   space 15872K, 0% used [0x00000000e2d00000,0x00000000e2d00000,0x00000000e3c80000)
 ParOldGen       total 87040K, used 23517K [0x0000000081c00000, 0x0000000087100000, 0x00000000d5f00000)
  object space 87040K, 27% used [0x0000000081c00000,0x00000000832f7580,0x0000000087100000)
 Metaspace       used 49459K, capacity 52174K, committed 52352K, reserved 1095680K
  class space    used 6493K, capacity 7009K, committed 7040K, reserved 1048576K
Event: 3285.620 GC heap after
Heap after GC invocations=17 (full 4):
 PSYoungGen      total 226816K, used 2202K [0x00000000d5f00000, 0x00000000e7f80000, 0x0000000100000000)
  eden space 210944K, 0% used [0x00000000d5f00000,0x00000000d5f00000,0x00000000e2d00000)
  from space 15872K, 13% used [0x00000000e2d00000,0x00000000e2f26980,0x00000000e3c80000)
  to   space 16384K, 0% used [0x00000000e6f80000,0x00000000e6f80000,0x00000000e7f80000)
 ParOldGen       total 87040K, used 23525K [0x0000000081c00000, 0x0000000087100000, 0x00000000d5f00000)
  object space 87040K, 27% used [0x0000000081c00000,0x00000000832f9580,0x0000000087100000)
 Metaspace       used 49459K, capacity 52174K, committed 52352K, reserved 1095680K
  class space    used 6493K, capacity 7009K, committed 7040K, reserved 1048576K
}
Event: 3285.647 GC heap before
{Heap before GC invocations=18 (full 5):
 PSYoungGen      total 226816K, used 2202K [0x00000000d5f00000, 0x00000000e7f80000, 0x0000000100000000)
  eden space 210944K, 0% used [0x00000000d5f00000,0x00000000d5f00000,0x00000000e2d00000)
  from space 15872K, 13% used [0x00000000e2d00000,0x00000000e2f26980,0x00000000e3c80000)
  to   space 16384K, 0% used [0x00000000e6f80000,0x00000000e6f80000,0x00000000e7f80000)
 ParOldGen       total 87040K, used 23525K [0x0000000081c00000, 0x0000000087100000, 0x00000000d5f00000)
  object space 87040K, 27% used [0x0000000081c00000,0x00000000832f9580,0x0000000087100000)
 Metaspace       used 49459K, capacity 52174K, committed 52352K, reserved 1095680K
  class space    used 6493K, capacity 7009K, committed 7040K, reserved 1048576K
Event: 3323.009 GC heap after
Heap after GC invocations=18 (full 5):
 PSYoungGen      total 226816K, used 0K [0x00000000d5f00000, 0x00000000e7f80000, 0x0000000100000000)
  eden space 210944K, 0% used [0x00000000d5f00000,0x00000000d5f00000,0x00000000e2d00000)
  from space 15872K, 0% used [0x00000000e2d00000,0x00000000e2d00000,0x00000000e3c80000)
  to   space 16384K, 0% used [0x00000000e6f80000,0x00000000e6f80000,0x00000000e7f80000)
 ParOldGen       total 87040K, used 20480K [0x0000000081c00000, 0x0000000087100000, 0x00000000d5f00000)
  object space 87040K, 23% used [0x0000000081c00000,0x0000000083000310,0x0000000087100000)
 Metaspace       used 49253K, capacity 51848K, committed 52352K, reserved 1095680K
  class space    used 6461K, capacity 6950K, committed 7040K, reserved 1048576K
}

