# JRE version: Java(TM) SE Runtime Environment (8.0_241-b07) (build 1.8.0_241-b07)
# Java VM: Java HotSpot(TM) 64-Bit Server VM (25.241-b07 mixed mode windows-amd64 compressed oops)
Heap:
 PSYoungGen      total 71680K, used 35645K [0x00000000d5f00000, 0x00000000daa00000, 0x0000000100000000)
  eden space 66560K, 46% used [0x00000000d5f00000,0x00000000d7cf4a00,0x00000000da000000)
  from space 5120K, 97% used [0x00000000da500000,0x00000000da9dab20,0x00000000daa00000)
  to   space 5120K, 0% used [0x00000000da000000,0x00000000da000000,0x00000000da500000)
 ParOldGen       total 54784K, used 5997K [0x0000000081c00000, 0x0000000085180000, 0x00000000d5f00000)
  object space 54784K, 10% used [0x0000000081c00000,0x00000000821db700,0x0000000085180000)
 Metaspace       used 24280K, capacity 25294K, committed 25472K, reserved 1071104K
  class space    used 3133K, capacity 3357K, committed 3456K, reserved 1048576K
GC Heap History (10 events):
Event: 3.041 GC heap before
{Heap before GC invocations=3 (full 0):
 PSYoungGen      total 38400K, used 38369K [0x00000000d5f00000, 0x00000000daa00000, 0x0000000100000000)
  eden space 33280K, 100% used [0x00000000d5f00000,0x00000000d7f80000,0x00000000d7f80000)
  from space 5120K, 99% used [0x00000000d8480000,0x00000000d89784c8,0x00000000d8980000)
  to   space 5120K, 0% used [0x00000000d7f80000,0x00000000d7f80000,0x00000000d8480000)
 ParOldGen       total 87552K, used 2677K [0x0000000081c00000, 0x0000000087180000, 0x00000000d5f00000)
  object space 87552K, 3% used [0x0000000081c00000,0x0000000081e9d540,0x0000000087180000)
 Metaspace       used 13948K, capacity 14342K, committed 14464K, reserved 1062912K
  class space    used 1765K, capacity 1901K, committed 1920K, reserved 1048576K
Event: 3.048 GC heap after
Heap after GC invocations=3 (full 0):
 PSYoungGen      total 38400K, used 5095K [0x00000000d5f00000, 0x00000000daa00000, 0x0000000100000000)
  eden space 33280K, 0% used [0x00000000d5f00000,0x00000000d5f00000,0x00000000d7f80000)
  from space 5120K, 99% used [0x00000000d7f80000,0x00000000d8479d10,0x00000000d8480000)
  to   space 5120K, 0% used [0x00000000da500000,0x00000000da500000,0x00000000daa00000)
 ParOldGen       total 87552K, used 3591K [0x0000000081c00000, 0x0000000087180000, 0x00000000d5f00000)
  object space 87552K, 4% used [0x0000000081c00000,0x0000000081f81da8,0x0000000087180000)
 Metaspace       used 13948K, capacity 14342K, committed 14464K, reserved 1062912K
  class space    used 1765K, capacity 1901K, committed 1920K, reserved 1048576K
}
Event: 3.702 GC heap before
{Heap before GC invocations=4 (full 0):
 PSYoungGen      total 38400K, used 38375K [0x00000000d5f00000, 0x00000000daa00000, 0x0000000100000000)
  eden space 33280K, 100% used [0x00000000d5f00000,0x00000000d7f80000,0x00000000d7f80000)
  from space 5120K, 99% used [0x00000000d7f80000,0x00000000d8479d10,0x00000000d8480000)
  to   space 5120K, 0% used [0x00000000da500000,0x00000000da500000,0x00000000daa00000)
 ParOldGen       total 87552K, used 3591K [0x0000000081c00000, 0x0000000087180000, 0x00000000d5f00000)
  object space 87552K, 4% used [0x0000000081c00000,0x0000000081f81da8,0x0000000087180000)
 Metaspace       used 18770K, capacity 19316K, committed 19456K, reserved 1067008K
  class space    used 2392K, capacity 2538K, committed 2560K, reserved 1048576K
Event: 3.721 GC heap after
Heap after GC invocations=4 (full 0):
 PSYoungGen      total 71680K, used 5118K [0x00000000d5f00000, 0x00000000daa00000, 0x0000000100000000)
  eden space 66560K, 0% used [0x00000000d5f00000,0x00000000d5f00000,0x00000000da000000)
  from space 5120K, 99% used [0x00000000da500000,0x00000000da9ff820,0x00000000daa00000)
  to   space 5120K, 0% used [0x00000000da000000,0x00000000da000000,0x00000000da500000)
 ParOldGen       total 87552K, used 7124K [0x0000000081c00000, 0x0000000087180000, 0x00000000d5f00000)
  object space 87552K, 8% used [0x0000000081c00000,0x00000000822f5230,0x0000000087180000)
 Metaspace       used 18770K, capacity 19316K, committed 19456K, reserved 1067008K
  class space    used 2392K, capacity 2538K, committed 2560K, reserved 1048576K
}
Event: 4.213 GC heap before
{Heap before GC invocations=5 (full 0):
 PSYoungGen      total 71680K, used 25705K [0x00000000d5f00000, 0x00000000daa00000, 0x0000000100000000)
  eden space 66560K, 30% used [0x00000000d5f00000,0x00000000d731aea8,0x00000000da000000)
  from space 5120K, 99% used [0x00000000da500000,0x00000000da9ff820,0x00000000daa00000)
  to   space 5120K, 0% used [0x00000000da000000,0x00000000da000000,0x00000000da500000)
 ParOldGen       total 87552K, used 7124K [0x0000000081c00000, 0x0000000087180000, 0x00000000d5f00000)
  object space 87552K, 8% used [0x0000000081c00000,0x00000000822f5230,0x0000000087180000)
 Metaspace       used 20539K, capacity 21134K, committed 21296K, reserved 1067008K
  class space    used 2659K, capacity 2823K, committed 2944K, reserved 1048576K
Event: 4.225 GC heap after
Heap after GC invocations=5 (full 0):
 PSYoungGen      total 71680K, used 5114K [0x00000000d5f00000, 0x00000000daa00000, 0x0000000100000000)
  eden space 66560K, 0% used [0x00000000d5f00000,0x00000000d5f00000,0x00000000da000000)
  from space 5120K, 99% used [0x00000000da000000,0x00000000da4fe908,0x00000000da500000)
  to   space 5120K, 0% used [0x00000000da500000,0x00000000da500000,0x00000000daa00000)
 ParOldGen       total 87552K, used 8173K [0x0000000081c00000, 0x0000000087180000, 0x00000000d5f00000)
  object space 87552K, 9% used [0x0000000081c00000,0x00000000823fb5a0,0x0000000087180000)
 Metaspace       used 20539K, capacity 21134K, committed 21296K, reserved 1067008K
  class space    used 2659K, capacity 2823K, committed 2944K, reserved 1048576K
}
Event: 4.225 GC heap before
{Heap before GC invocations=6 (full 1):
 PSYoungGen      total 71680K, used 5114K [0x00000000d5f00000, 0x00000000daa00000, 0x0000000100000000)
  eden space 66560K, 0% used [0x00000000d5f00000,0x00000000d5f00000,0x00000000da000000)
  from space 5120K, 99% used [0x00000000da000000,0x00000000da4fe908,0x00000000da500000)
  to   space 5120K, 0% used [0x00000000da500000,0x00000000da500000,0x00000000daa00000)
 ParOldGen       total 87552K, used 8173K [0x0000000081c00000, 0x0000000087180000, 0x00000000d5f00000)
  object space 87552K, 9% used [0x0000000081c00000,0x00000000823fb5a0,0x0000000087180000)
 Metaspace       used 20539K, capacity 21134K, committed 21296K, reserved 1067008K
  class space    used 2659K, capacity 2823K, committed 2944K, reserved 1048576K
Event: 4.263 GC heap after
Heap after GC invocations=6 (full 1):
 PSYoungGen      total 71680K, used 0K [0x00000000d5f00000, 0x00000000daa00000, 0x0000000100000000)
  eden space 66560K, 0% used [0x00000000d5f00000,0x00000000d5f00000,0x00000000da000000)
  from space 5120K, 0% used [0x00000000da000000,0x00000000da000000,0x00000000da500000)
  to   space 5120K, 0% used [0x00000000da500000,0x00000000da500000,0x00000000daa00000)
 ParOldGen       total 54784K, used 5989K [0x0000000081c00000, 0x0000000085180000, 0x00000000d5f00000)
  object space 54784K, 10% used [0x0000000081c00000,0x00000000821d9700,0x0000000085180000)
 Metaspace       used 20537K, capacity 21128K, committed 21296K, reserved 1067008K
  class space    used 2658K, capacity 2822K, committed 2944K, reserved 1048576K
}
Event: 5.982 GC heap before
{Heap before GC invocations=7 (full 1):
 PSYoungGen      total 71680K, used 66560K [0x00000000d5f00000, 0x00000000daa00000, 0x0000000100000000)
  eden space 66560K, 100% used [0x00000000d5f00000,0x00000000da000000,0x00000000da000000)
  from space 5120K, 0% used [0x00000000da000000,0x00000000da000000,0x00000000da500000)
  to   space 5120K, 0% used [0x00000000da500000,0x00000000da500000,0x00000000daa00000)
 ParOldGen       total 54784K, used 5989K [0x0000000081c00000, 0x0000000085180000, 0x00000000d5f00000)
  object space 54784K, 10% used [0x0000000081c00000,0x00000000821d9700,0x0000000085180000)
 Metaspace       used 23719K, capacity 24654K, committed 24832K, reserved 1071104K
  class space    used 3076K, capacity 3287K, committed 3328K, reserved 1048576K
Event: 5.987 GC heap after
Heap after GC invocations=7 (full 1):
 PSYoungGen      total 71680K, used 4970K [0x00000000d5f00000, 0x00000000daa00000, 0x0000000100000000)
  eden space 66560K, 0% used [0x00000000d5f00000,0x00000000d5f00000,0x00000000da000000)
  from space 5120K, 97% used [0x00000000da500000,0x00000000da9dab20,0x00000000daa00000)
  to   space 5120K, 0% used [0x00000000da000000,0x00000000da000000,0x00000000da500000)
 ParOldGen       total 54784K, used 5997K [0x0000000081c00000, 0x0000000085180000, 0x00000000d5f00000)
  object space 54784K, 10% used [0x0000000081c00000,0x00000000821db700,0x0000000085180000)
 Metaspace       used 23719K, capacity 24654K, committed 24832K, reserved 1071104K
  class space    used 3076K, capacity 3287K, committed 3328K, reserved 1048576K
}

